<?xml version="1.0" encoding="UTF-8"?>
<!-- Generated by org.testng.reporters.JUnitReportReporter -->
<testsuite skipped="0" hostname="H5CG1150Y5X" name="test.bro" tests="1" failures="0" timestamp="3 Dec 2022 00:57:45 GMT" time="0.012" errors="0">
  <testcase name="test" time="0.012" classname="test.bro"/>
</testsuite> <!-- test.bro -->
